<?xml version="1.0" encoding="UTF-8"?>
<testsuite xmlns:xsi="http://www.w3.org/2001/XMLSchema-instance" xsi:noNamespaceSchemaLocation="https://maven.apache.org/surefire/maven-surefire-plugin/xsd/surefire-test-report-3.0.xsd" version="3.0" name="runners.TestRunner" time="30.915" tests="3" errors="3" skipped="0" failures="0">
  <properties>
[...]
</properties>
  <testcase name="Verify elements on the Contact page" classname="Contact Page Verification" time="13.688">
    <error message="Expected condition failed: waiting for visibility of element located by By.xpath: //h1[contains(text(), &apos;Contact Us&apos;)] (tried for 10 second(s) with 500 milliseconds interval)&#10;Build info: version: &apos;4.19.0&apos;, revision: &apos;5f9cec8963&apos;&#10;System info: os.name: &apos;Mac OS X&apos;, os.arch: &apos;aarch64&apos;, os.version: &apos;13.2.1&apos;, java.version: &apos;21.0.2&apos;&#10;Driver info: org.openqa.selenium.chrome.ChromeDriver&#10;Capabilities {acceptInsecureCerts: false, browserName: chrome, browserVersion: 133.0.6943.127, chrome: {chromedriverVersion: 133.0.6943.141 (2a5d6da0d61..., userDataDir: /var/folders/l5/1xk9b3914jq...}, fedcm:accounts: true, goog:chromeOptions: {debuggerAddress: localhost:58076}, networkConnectionEnabled: false, pageLoadStrategy: normal, platformName: mac, proxy: Proxy(), se:cdp: ws://localhost:58076/devtoo..., se:cdpVersion: 133.0.6943.127, setWindowRect: true, strictFileInteractability: false, timeouts: {implicit: 0, pageLoad: 300000, script: 30000}, unhandledPromptBehavior: dismiss and notify, webauthn:extension:credBlob: true, webauthn:extension:largeBlob: true, webauthn:extension:minPinLength: true, webauthn:extension:prf: true, webauthn:virtualAuthenticators: true}&#10;Session ID: 0bd6a170bdaddebff66df422b48929a5" type="org.openqa.selenium.TimeoutException"><![CDATA[org.openqa.selenium.TimeoutException: 
Expected condition failed: waiting for visibility of element located by By.xpath: //h1[contains(text(), 'Contact Us')] (tried for 10 second(s) with 500 milliseconds interval)
Build info: version: '4.19.0', revision: '5f9cec8963'
System info: os.name: 'Mac OS X', os.arch: 'aarch64', os.version: '13.2.1', java.version: '21.0.2'
Driver info: org.openqa.selenium.chrome.ChromeDriver
Capabilities {acceptInsecureCerts: false, browserName: chrome, browserVersion: 133.0.6943.127, chrome: {chromedriverVersion: 133.0.6943.141 (2a5d6da0d61..., userDataDir: /var/folders/l5/1xk9b3914jq...}, fedcm:accounts: true, goog:chromeOptions: {debuggerAddress: localhost:58076}, networkConnectionEnabled: false, pageLoadStrategy: normal, platformName: mac, proxy: Proxy(), se:cdp: ws://localhost:58076/devtoo..., se:cdpVersion: 133.0.6943.127, setWindowRect: true, strictFileInteractability: false, timeouts: {implicit: 0, pageLoad: 300000, script: 30000}, unhandledPromptBehavior: dismiss and notify, webauthn:extension:credBlob: true, webauthn:extension:largeBlob: true, webauthn:extension:minPinLength: true, webauthn:extension:prf: true, webauthn:virtualAuthenticators: true}
Session ID: 0bd6a170bdaddebff66df422b48929a5
	at org.openqa.selenium.support.ui.WebDriverWait.timeoutException(WebDriverWait.java:84)
	at org.openqa.selenium.support.ui.FluentWait.until(FluentWait.java:228)
	at pages.ContactsPage.isPageTitleDisplayed(ContactsPage.java:29)
	at stepDefinitions.ContactSteps.the_page_title_should_be_displayed(ContactSteps.java:19)
	at ✽.The page title should be displayed(file:///Users/numanhan/Desktop/btcbitUiAutomation/btcbitUIAutomation/src/test/resources/features/contacts.feature:4)
]]></error>
    <system-out><![CDATA[
Scenario: Verify elements on the Contact page     &amp#27;[90m# src/test/resources/features/contacts.feature:2&amp#27;[0m
  &amp#27;[32mGiven &amp#27;[0m&amp#27;[32mThe user is on the Contact page&amp#27;[0m           &amp#27;[90m# stepDefinitions.ContactSteps.the_user_is_on_the_contact_page()&amp#27;[0m
  &amp#27;[31mThen &amp#27;[0m&amp#27;[31mThe page title should be displayed&amp#27;[0m         &amp#27;[90m# stepDefinitions.ContactSteps.the_page_title_should_be_displayed()&amp#27;[0m
      &amp#27;[31morg.openqa.selenium.TimeoutException: Expected condition failed: waiting for visibility of element located by By.xpath: //h1[contains(text(), 'Contact Us')] (tried for 10 second(s) with 500 milliseconds interval)
Build info: version: '4.19.0', revision: '5f9cec8963'
System info: os.name: 'Mac OS X', os.arch: 'aarch64', os.version: '13.2.1', java.version: '21.0.2'
Driver info: org.openqa.selenium.chrome.ChromeDriver
Capabilities {acceptInsecureCerts: false, browserName: chrome, browserVersion: 133.0.6943.127, chrome: {chromedriverVersion: 133.0.6943.141 (2a5d6da0d61..., userDataDir: /var/folders/l5/1xk9b3914jq...}, fedcm:accounts: true, goog:chromeOptions: {debuggerAddress: localhost:58076}, networkConnectionEnabled: false, pageLoadStrategy: normal, platformName: mac, proxy: Proxy(), se:cdp: ws://localhost:58076/devtoo..., se:cdpVersion: 133.0.6943.127, setWindowRect: true, strictFileInteractability: false, timeouts: {implicit: 0, pageLoad: 300000, script: 30000}, unhandledPromptBehavior: dismiss and notify, webauthn:extension:credBlob: true, webauthn:extension:largeBlob: true, webauthn:extension:minPinLength: true, webauthn:extension:prf: true, webauthn:virtualAuthenticators: true}
Session ID: 0bd6a170bdaddebff66df422b48929a5
	at org.openqa.selenium.support.ui.WebDriverWait.timeoutException(WebDriverWait.java:84)
	at org.openqa.selenium.support.ui.FluentWait.until(FluentWait.java:228)
	at pages.ContactsPage.isPageTitleDisplayed(ContactsPage.java:29)
	at stepDefinitions.ContactSteps.the_page_title_should_be_displayed(ContactSteps.java:19)
	at ✽.The page title should be displayed(file:///Users/numanhan/Desktop/btcbitUiAutomation/btcbitUIAutomation/src/test/resources/features/contacts.feature:4)
&amp#27;[0m
  &amp#27;[36mAnd &amp#27;[0m&amp#27;[36mThe name input field should be displayed&amp#27;[0m    &amp#27;[90m# stepDefinitions.ContactSteps.the_name_input_field_should_be_displayed()&amp#27;[0m
  &amp#27;[36mAnd &amp#27;[0m&amp#27;[36mThe email input field should be displayed&amp#27;[0m   &amp#27;[90m# stepDefinitions.ContactSteps.the_email_input_field_should_be_displayed()&amp#27;[0m
  &amp#27;[36mAnd &amp#27;[0m&amp#27;[36mThe message input field should be displayed&amp#27;[0m &amp#27;[90m# stepDefinitions.ContactSteps.the_message_input_field_should_be_displayed()&amp#27;[0m
  &amp#27;[36mAnd &amp#27;[0m&amp#27;[36mThe submit button should be displayed&amp#27;[0m       &amp#27;[90m# stepDefinitions.ContactSteps.the_submit_button_should_be_displayed()&amp#27;[0m
]]></system-out>
    <system-err><![CDATA[SLF4J(W): No SLF4J providers were found.
SLF4J(W): Defaulting to no-operation (NOP) logger implementation
SLF4J(W): See https://www.slf4j.org/codes.html#noProviders for further details.
Feb 26, 2025 10:15:03 PM org.openqa.selenium.devtools.CdpVersionFinder findNearestMatch
WARNING: Unable to find CDP implementation matching 133
Feb 26, 2025 10:15:03 PM org.openqa.selenium.chromium.ChromiumDriver lambda$new$5
WARNING: Unable to find version of CDP to use for 133.0.6943.127. You may need to include a dependency on a specific version of the CDP using something similar to `org.seleniumhq.selenium:selenium-devtools-v86:4.19.0` where the version ("v86") matches the version of the chromium-based browser you're using and the version number of the artifact is the same as Selenium's.
]]></system-err>
  </testcase>
  <testcase name="User navigates to the login page and logs in" classname="Login" time="6.653">
    <error message="Verify your account for making transactions&#10;Verify" type="java.lang.IllegalArgumentException"><![CDATA[java.lang.IllegalArgumentException: 
Verify your account for making transactions
Verify
	at dev.failsafe.internal.util.Assert.isTrue(Assert.java:29)
	at pages.LoginPage.successfullLogin(LoginPage.java:48)
	at stepDefinitions.LoginSteps.verify_successful_login(LoginSteps.java:32)
	at ✽.User verifies page text(file:///Users/numanhan/Desktop/btcbitUiAutomation/btcbitUIAutomation/src/test/resources/features/login.feature:7)
]]></error>
    <system-out><![CDATA[
Scenario: User navigates to the login page and logs in &amp#27;[90m# src/test/resources/features/login.feature:2&amp#27;[0m
  &amp#27;[32mGiven &amp#27;[0m&amp#27;[32mThe user is on the homepage for login&amp#27;[0m          &amp#27;[90m# stepDefinitions.LoginSteps.the_user_is_on_the_homepage()&amp#27;[0m
  &amp#27;[32mWhen &amp#27;[0m&amp#27;[32mThe user clicks on login button&amp#27;[0m                 &amp#27;[90m# stepDefinitions.LoginSteps.the_user_clicks_login_button()&amp#27;[0m
  &amp#27;[32mThen &amp#27;[0m&amp#27;[32mThe user inputs login credentials&amp#27;[0m               &amp#27;[90m# stepDefinitions.LoginSteps.the_user_input_credentials()&amp#27;[0m
  &amp#27;[32mThen &amp#27;[0m&amp#27;[32mThe user clicks on Sign In&amp#27;[0m                      &amp#27;[90m# stepDefinitions.LoginSteps.the_user_clicks_signin()&amp#27;[0m
  &amp#27;[31mThen &amp#27;[0m&amp#27;[31mUser verifies page text&amp#27;[0m                         &amp#27;[90m# stepDefinitions.LoginSteps.verify_successful_login()&amp#27;[0m
      &amp#27;[31mjava.lang.IllegalArgumentException: Verify your account for making transactions
Verify
	at dev.failsafe.internal.util.Assert.isTrue(Assert.java:29)
	at pages.LoginPage.successfullLogin(LoginPage.java:48)
	at stepDefinitions.LoginSteps.verify_successful_login(LoginSteps.java:32)
	at ✽.User verifies page text(file:///Users/numanhan/Desktop/btcbitUiAutomation/btcbitUIAutomation/src/test/resources/features/login.feature:7)
&amp#27;[0m
]]></system-out>
  </testcase>
  <testcase name="User navigates to the registration page" classname="Registration" time="10.259">
    <error message="no such element: Unable to locate element: {&quot;method&quot;:&quot;xpath&quot;,&quot;selector&quot;:&quot;//a[contains(@class, &apos;header_signup__hsltv&apos;)]&quot;}&#10;  (Session info: chrome=133.0.6943.127)&#10;For documentation on this error, please visit: https://www.selenium.dev/documentation/webdriver/troubleshooting/errors#no-such-element-exception&#10;Build info: version: &apos;4.19.0&apos;, revision: &apos;5f9cec8963&apos;&#10;System info: os.name: &apos;Mac OS X&apos;, os.arch: &apos;aarch64&apos;, os.version: &apos;13.2.1&apos;, java.version: &apos;21.0.2&apos;&#10;Driver info: org.openqa.selenium.chrome.ChromeDriver&#10;Command: [0bd6a170bdaddebff66df422b48929a5, findElement {using=xpath, value=//a[contains(@class, &apos;header_signup__hsltv&apos;)]}]&#10;Capabilities {acceptInsecureCerts: false, browserName: chrome, browserVersion: 133.0.6943.127, chrome: {chromedriverVersion: 133.0.6943.141 (2a5d6da0d61..., userDataDir: /var/folders/l5/1xk9b3914jq...}, fedcm:accounts: true, goog:chromeOptions: {debuggerAddress: localhost:58076}, networkConnectionEnabled: false, pageLoadStrategy: normal, platformName: mac, proxy: Proxy(), se:cdp: ws://localhost:58076/devtoo..., se:cdpVersion: 133.0.6943.127, setWindowRect: true, strictFileInteractability: false, timeouts: {implicit: 0, pageLoad: 300000, script: 30000}, unhandledPromptBehavior: dismiss and notify, webauthn:extension:credBlob: true, webauthn:extension:largeBlob: true, webauthn:extension:minPinLength: true, webauthn:extension:prf: true, webauthn:virtualAuthenticators: true}&#10;Session ID: 0bd6a170bdaddebff66df422b48929a5" type="org.openqa.selenium.NoSuchElementException"><![CDATA[org.openqa.selenium.NoSuchElementException: 
no such element: Unable to locate element: {"method":"xpath","selector":"//a[contains(@class, 'header_signup__hsltv')]"}
  (Session info: chrome=133.0.6943.127)
For documentation on this error, please visit: https://www.selenium.dev/documentation/webdriver/troubleshooting/errors#no-such-element-exception
Build info: version: '4.19.0', revision: '5f9cec8963'
System info: os.name: 'Mac OS X', os.arch: 'aarch64', os.version: '13.2.1', java.version: '21.0.2'
Driver info: org.openqa.selenium.chrome.ChromeDriver
Command: [0bd6a170bdaddebff66df422b48929a5, findElement {using=xpath, value=//a[contains(@class, 'header_signup__hsltv')]}]
Capabilities {acceptInsecureCerts: false, browserName: chrome, browserVersion: 133.0.6943.127, chrome: {chromedriverVersion: 133.0.6943.141 (2a5d6da0d61..., userDataDir: /var/folders/l5/1xk9b3914jq...}, fedcm:accounts: true, goog:chromeOptions: {debuggerAddress: localhost:58076}, networkConnectionEnabled: false, pageLoadStrategy: normal, platformName: mac, proxy: Proxy(), se:cdp: ws://localhost:58076/devtoo..., se:cdpVersion: 133.0.6943.127, setWindowRect: true, strictFileInteractability: false, timeouts: {implicit: 0, pageLoad: 300000, script: 30000}, unhandledPromptBehavior: dismiss and notify, webauthn:extension:credBlob: true, webauthn:extension:largeBlob: true, webauthn:extension:minPinLength: true, webauthn:extension:prf: true, webauthn:virtualAuthenticators: true}
Session ID: 0bd6a170bdaddebff66df422b48929a5
	at java.base/jdk.internal.reflect.DirectConstructorHandleAccessor.newInstance(DirectConstructorHandleAccessor.java:62)
	at java.base/java.lang.reflect.Constructor.newInstanceWithCaller(Constructor.java:502)
	at java.base/java.lang.reflect.Constructor.newInstance(Constructor.java:486)
	at org.openqa.selenium.remote.ErrorCodec.decode(ErrorCodec.java:167)
	at org.openqa.selenium.remote.codec.w3c.W3CHttpResponseCodec.decode(W3CHttpResponseCodec.java:138)
	at org.openqa.selenium.remote.codec.w3c.W3CHttpResponseCodec.decode(W3CHttpResponseCodec.java:50)
	at org.openqa.selenium.remote.HttpCommandExecutor.execute(HttpCommandExecutor.java:190)
	at org.openqa.selenium.remote.service.DriverCommandExecutor.invokeExecute(DriverCommandExecutor.java:216)
	at org.openqa.selenium.remote.service.DriverCommandExecutor.execute(DriverCommandExecutor.java:174)
	at org.openqa.selenium.remote.RemoteWebDriver.execute(RemoteWebDriver.java:518)
	at org.openqa.selenium.remote.ElementLocation$ElementFinder$2.findElement(ElementLocation.java:165)
	at org.openqa.selenium.remote.ElementLocation.findElement(ElementLocation.java:59)
	at org.openqa.selenium.remote.RemoteWebDriver.findElement(RemoteWebDriver.java:355)
	at org.openqa.selenium.remote.RemoteWebDriver.findElement(RemoteWebDriver.java:349)
	at pages.RegistrationPage.clickGetStarted(RegistrationPage.java:23)
	at stepDefinitions.RegistrationSteps.the_user_clicks_on_the_button(RegistrationSteps.java:18)
	at ✽.The user clicks on the "Get Started" button(file:///Users/numanhan/Desktop/btcbitUiAutomation/btcbitUIAutomation/src/test/resources/features/registration.feature:4)
]]></error>
    <system-out><![CDATA[
Scenario: User navigates to the registration page  &amp#27;[90m# src/test/resources/features/registration.feature:2&amp#27;[0m
  &amp#27;[32mGiven &amp#27;[0m&amp#27;[32mThe user is on the homepage&amp#27;[0m                &amp#27;[90m# stepDefinitions.RegistrationSteps.the_user_is_on_the_homepage()&amp#27;[0m
  &amp#27;[31mWhen &amp#27;[0m&amp#27;[31mThe user clicks on the &amp#27;[0m&amp#27;[31m&amp#27;[1m"Get Started"&amp#27;[0m&amp#27;[31m button&amp#27;[0m &amp#27;[90m# stepDefinitions.RegistrationSteps.the_user_clicks_on_the_button(java.lang.String)&amp#27;[0m
      &amp#27;[31morg.openqa.selenium.NoSuchElementException: no such element: Unable to locate element: {"method":"xpath","selector":"//a[contains(@class, 'header_signup__hsltv')]"}
  (Session info: chrome=133.0.6943.127)
For documentation on this error, please visit: https://www.selenium.dev/documentation/webdriver/troubleshooting/errors#no-such-element-exception
Build info: version: '4.19.0', revision: '5f9cec8963'
System info: os.name: 'Mac OS X', os.arch: 'aarch64', os.version: '13.2.1', java.version: '21.0.2'
Driver info: org.openqa.selenium.chrome.ChromeDriver
Command: [0bd6a170bdaddebff66df422b48929a5, findElement {using=xpath, value=//a[contains(@class, 'header_signup__hsltv')]}]
Capabilities {acceptInsecureCerts: false, browserName: chrome, browserVersion: 133.0.6943.127, chrome: {chromedriverVersion: 133.0.6943.141 (2a5d6da0d61..., userDataDir: /var/folders/l5/1xk9b3914jq...}, fedcm:accounts: true, goog:chromeOptions: {debuggerAddress: localhost:58076}, networkConnectionEnabled: false, pageLoadStrategy: normal, platformName: mac, proxy: Proxy(), se:cdp: ws://localhost:58076/devtoo..., se:cdpVersion: 133.0.6943.127, setWindowRect: true, strictFileInteractability: false, timeouts: {implicit: 0, pageLoad: 300000, script: 30000}, unhandledPromptBehavior: dismiss and notify, webauthn:extension:credBlob: true, webauthn:extension:largeBlob: true, webauthn:extension:minPinLength: true, webauthn:extension:prf: true, webauthn:virtualAuthenticators: true}
Session ID: 0bd6a170bdaddebff66df422b48929a5
	at java.base/jdk.internal.reflect.DirectConstructorHandleAccessor.newInstance(DirectConstructorHandleAccessor.java:62)
	at java.base/java.lang.reflect.Constructor.newInstanceWithCaller(Constructor.java:502)
	at java.base/java.lang.reflect.Constructor.newInstance(Constructor.java:486)
	at org.openqa.selenium.remote.ErrorCodec.decode(ErrorCodec.java:167)
	at org.openqa.selenium.remote.codec.w3c.W3CHttpResponseCodec.decode(W3CHttpResponseCodec.java:138)
	at org.openqa.selenium.remote.codec.w3c.W3CHttpResponseCodec.decode(W3CHttpResponseCodec.java:50)
	at org.openqa.selenium.remote.HttpCommandExecutor.execute(HttpCommandExecutor.java:190)
	at org.openqa.selenium.remote.service.DriverCommandExecutor.invokeExecute(DriverCommandExecutor.java:216)
	at org.openqa.selenium.remote.service.DriverCommandExecutor.execute(DriverCommandExecutor.java:174)
	at org.openqa.selenium.remote.RemoteWebDriver.execute(RemoteWebDriver.java:518)
	at org.openqa.selenium.remote.ElementLocation$ElementFinder$2.findElement(ElementLocation.java:165)
	at org.openqa.selenium.remote.ElementLocation.findElement(ElementLocation.java:59)
	at org.openqa.selenium.remote.RemoteWebDriver.findElement(RemoteWebDriver.java:355)
	at org.openqa.selenium.remote.RemoteWebDriver.findElement(RemoteWebDriver.java:349)
	at pages.RegistrationPage.clickGetStarted(RegistrationPage.java:23)
	at stepDefinitions.RegistrationSteps.the_user_clicks_on_the_button(RegistrationSteps.java:18)
	at ✽.The user clicks on the "Get Started" button(file:///Users/numanhan/Desktop/btcbitUiAutomation/btcbitUIAutomation/src/test/resources/features/registration.feature:4)
&amp#27;[0m
  &amp#27;[36mThen &amp#27;[0m&amp#27;[36mThe user fill the credentials&amp#27;[0m               &amp#27;[90m# stepDefinitions.RegistrationSteps.the_user_fill_the_credentials()&amp#27;[0m
  &amp#27;[36mAnd &amp#27;[0m&amp#27;[36mThe user clicks on agreement&amp#27;[0m                 &amp#27;[90m# stepDefinitions.RegistrationSteps.the_user_accepts_agreement()&amp#27;[0m
  &amp#27;[36mThen &amp#27;[0m&amp#27;[36mThe user clicks signup button&amp#27;[0m               &amp#27;[90m# stepDefinitions.RegistrationSteps.the_user_signedup()&amp#27;[0m
]]></system-out>
  </testcase>
</testsuite>